{"/home/mhd/Desktop/Fac-Community/src/model/queries/accounts.js":{"path":"/home/mhd/Desktop/Fac-Community/src/model/queries/accounts.js","s":{"1":1,"2":0,"3":0,"4":0,"5":0,"6":0,"7":0,"8":0,"9":0,"10":0,"11":0,"12":0,"13":0,"14":0,"15":0,"16":0,"17":0,"18":0,"19":0,"20":0,"21":0,"22":0,"23":0,"24":0,"25":0,"26":0},"b":{"1":[0,0],"2":[0,0],"3":[0,0],"4":[0,0]},"f":{},"fnMap":{},"statementMap":{"1":{"start":{"line":1,"column":0},"end":{"line":1,"column":57}},"2":{"start":{"line":3,"column":0},"end":{"line":16,"column":2}},"3":{"start":{"line":4,"column":2},"end":{"line":7,"column":4}},"4":{"start":{"line":9,"column":2},"end":{"line":15,"column":5}},"5":{"start":{"line":10,"column":4},"end":{"line":14,"column":5}},"6":{"start":{"line":11,"column":6},"end":{"line":11,"column":14}},"7":{"start":{"line":13,"column":6},"end":{"line":13,"column":20}},"8":{"start":{"line":18,"column":0},"end":{"line":31,"column":2}},"9":{"start":{"line":19,"column":2},"end":{"line":22,"column":4}},"10":{"start":{"line":24,"column":2},"end":{"line":30,"column":5}},"11":{"start":{"line":25,"column":4},"end":{"line":29,"column":5}},"12":{"start":{"line":26,"column":6},"end":{"line":26,"column":14}},"13":{"start":{"line":28,"column":6},"end":{"line":28,"column":20}},"14":{"start":{"line":33,"column":0},"end":{"line":46,"column":2}},"15":{"start":{"line":34,"column":2},"end":{"line":37,"column":4}},"16":{"start":{"line":39,"column":2},"end":{"line":45,"column":5}},"17":{"start":{"line":40,"column":4},"end":{"line":44,"column":5}},"18":{"start":{"line":41,"column":6},"end":{"line":41,"column":14}},"19":{"start":{"line":43,"column":6},"end":{"line":43,"column":20}},"20":{"start":{"line":48,"column":0},"end":{"line":60,"column":2}},"21":{"start":{"line":49,"column":2},"end":{"line":52,"column":4}},"22":{"start":{"line":53,"column":2},"end":{"line":59,"column":5}},"23":{"start":{"line":54,"column":4},"end":{"line":58,"column":5}},"24":{"start":{"line":55,"column":6},"end":{"line":55,"column":14}},"25":{"start":{"line":57,"column":6},"end":{"line":57,"column":25}},"26":{"start":{"line":62,"column":0},"end":{"line":67,"column":2}}},"branchMap":{"1":{"line":10,"type":"if","locations":[{"start":{"line":10,"column":4},"end":{"line":10,"column":4}},{"start":{"line":10,"column":4},"end":{"line":10,"column":4}}]},"2":{"line":25,"type":"if","locations":[{"start":{"line":25,"column":4},"end":{"line":25,"column":4}},{"start":{"line":25,"column":4},"end":{"line":25,"column":4}}]},"3":{"line":40,"type":"if","locations":[{"start":{"line":40,"column":4},"end":{"line":40,"column":4}},{"start":{"line":40,"column":4},"end":{"line":40,"column":4}}]},"4":{"line":54,"type":"if","locations":[{"start":{"line":54,"column":4},"end":{"line":54,"column":4}},{"start":{"line":54,"column":4},"end":{"line":54,"column":4}}]}}},"/home/mhd/Desktop/Fac-Community/src/model/database/dbConnection.js":{"path":"/home/mhd/Desktop/Fac-Community/src/model/database/dbConnection.js","s":{"1":1,"2":1,"3":0,"4":0,"5":0},"b":{},"f":{},"fnMap":{},"statementMap":{"1":{"start":{"line":1,"column":0},"end":{"line":1,"column":29}},"2":{"start":{"line":2,"column":0},"end":{"line":2,"column":50}},"3":{"start":{"line":4,"column":0},"end":{"line":4,"column":33}},"4":{"start":{"line":6,"column":0},"end":{"line":6,"column":51}},"5":{"start":{"line":8,"column":0},"end":{"line":8,"column":22}}},"branchMap":{}},"/home/mhd/Desktop/Fac-Community/config.js":{"path":"/home/mhd/Desktop/Fac-Community/config.js","s":{"1":1,"2":1,"3":1,"4":0,"5":1,"6":0,"7":1,"8":0,"9":1,"10":1},"b":{"1":[0,1],"2":[0,1],"3":[0,1]},"f":{},"fnMap":{},"statementMap":{"1":{"start":{"line":1,"column":0},"end":{"line":1,"column":32}},"2":{"start":{"line":3,"column":0},"end":{"line":28,"column":2}},"3":{"start":{"line":4,"column":2},"end":{"line":27,"column":3}},"4":{"start":{"line":5,"column":4},"end":{"line":10,"column":6}},"5":{"start":{"line":11,"column":9},"end":{"line":27,"column":3}},"6":{"start":{"line":12,"column":4},"end":{"line":17,"column":6}},"7":{"start":{"line":18,"column":9},"end":{"line":27,"column":3}},"8":{"start":{"line":19,"column":4},"end":{"line":24,"column":6}},"9":{"start":{"line":26,"column":4},"end":{"line":26,"column":42}},"10":{"start":{"line":29,"column":0},"end":{"line":31,"column":2}}},"branchMap":{"1":{"line":4,"type":"if","locations":[{"start":{"line":4,"column":2},"end":{"line":4,"column":2}},{"start":{"line":4,"column":2},"end":{"line":4,"column":2}}]},"2":{"line":11,"type":"if","locations":[{"start":{"line":11,"column":9},"end":{"line":11,"column":9}},{"start":{"line":11,"column":9},"end":{"line":11,"column":9}}]},"3":{"line":18,"type":"if","locations":[{"start":{"line":18,"column":9},"end":{"line":18,"column":9}},{"start":{"line":18,"column":9},"end":{"line":18,"column":9}}]}}}}