TN:
SF:/home/mhd/Desktop/Fac-Community/src/model/queries/accounts.js
FNF:0
FNH:0
DA:1,1
DA:3,0
DA:4,0
DA:9,0
DA:10,0
DA:11,0
DA:13,0
DA:18,0
DA:19,0
DA:24,0
DA:25,0
DA:26,0
DA:28,0
DA:33,0
DA:34,0
DA:39,0
DA:40,0
DA:41,0
DA:43,0
DA:48,0
DA:49,0
DA:53,0
DA:54,0
DA:55,0
DA:57,0
DA:62,0
LF:26
LH:1
BRDA:10,1,0,0
BRDA:10,1,1,0
BRDA:25,2,0,0
BRDA:25,2,1,0
BRDA:40,3,0,0
BRDA:40,3,1,0
BRDA:54,4,0,0
BRDA:54,4,1,0
BRF:8
BRH:0
end_of_record
TN:
SF:/home/mhd/Desktop/Fac-Community/src/model/database/dbConnection.js
FNF:0
FNH:0
DA:1,1
DA:2,1
DA:4,0
DA:6,0
DA:8,0
LF:5
LH:2
BRF:0
BRH:0
end_of_record
TN:
SF:/home/mhd/Desktop/Fac-Community/config.js
FNF:0
FNH:0
DA:1,1
DA:3,1
DA:4,1
DA:5,0
DA:11,1
DA:12,0
DA:18,1
DA:19,0
DA:26,1
DA:29,1
LF:10
LH:7
BRDA:4,1,0,0
BRDA:4,1,1,1
BRDA:11,2,0,0
BRDA:11,2,1,1
BRDA:18,3,0,0
BRDA:18,3,1,1
BRF:6
BRH:3
end_of_record
